Burdii/app/build/intermediates/manifest_merge_blame_file/release/manifest-merger-blame-release-report.txt
1<?xml version="1.0" encoding="utf-8"?>
2<manifest xmlns:android="http://schemas.android.com/apk/res/android"
3    package="com.app.burdii"
4    android:versionCode="1"
5    android:versionName="1.0" >
6
7    <uses-sdk
8        android:minSdkVersion="29"
9        android:targetSdkVersion="36" />
10
11    <!-- Permissions for voice recognition -->
12    <uses-permission android:name="android.permission.RECORD_AUDIO" />
12-->src/main/AndroidManifest.xml:6:5-71
12-->src/main/AndroidManifest.xml:6:22-68
13    <uses-permission android:name="android.permission.INTERNET" />
13-->src/main/AndroidManifest.xml:7:5-67
13-->src/main/AndroidManifest.xml:7:22-64
14
15    <permission
15-->[androidx.core:core:1.12.0] AndroidManifest.xml:22:5-24:47
16        android:name="com.app.burdii.DYNAMIC_RECEIVER_NOT_EXPORTED_PERMISSION"
16-->[androidx.core:core:1.12.0] AndroidManifest.xml:23:9-81
17        android:protectionLevel="signature" />
17-->[androidx.core:core:1.12.0] AndroidManifest.xml:24:9-44
18
19    <uses-permission android:name="com.app.burdii.DYNAMIC_RECEIVER_NOT_EXPORTED_PERMISSION" />
19-->[androidx.core:core:1.12.0] AndroidManifest.xml:26:5-97
19-->[androidx.core:core:1.12.0] AndroidManifest.xml:26:22-94
20    <uses-permission android:name="com.android.vending.BILLING" />
20-->[com.android.billingclient:billing:6.0.1] AndroidManifest.xml:10:5-67
20-->[com.android.billingclient:billing:6.0.1] AndroidManifest.xml:10:22-64
21
22    <queries>
22-->[com.android.billingclient:billing:6.0.1] AndroidManifest.xml:12:5-16:15
23        <intent>
23-->[com.android.billingclient:billing:6.0.1] AndroidManifest.xml:13:9-15:18
24            <action android:name="com.android.vending.billing.InAppBillingService.BIND" />
24-->[com.android.billingclient:billing:6.0.1] AndroidManifest.xml:14:13-91
24-->[com.android.billingclient:billing:6.0.1] AndroidManifest.xml:14:21-88
25        </intent>
26    </queries> <!-- Although the *SdkVersion is captured in gradle build files, this is required for non gradle builds -->
27    <!-- <uses-sdk android:minSdkVersion="14"/> -->
28    <uses-permission android:name="android.permission.ACCESS_NETWORK_STATE" />
28-->[com.google.android.datatransport:transport-backend-cct:3.1.8] AndroidManifest.xml:24:5-79
28-->[com.google.android.datatransport:transport-backend-cct:3.1.8] AndroidManifest.xml:24:22-76
29
30    <application
30-->src/main/AndroidManifest.xml:9:5-46:19
31        android:allowBackup="true"
31-->src/main/AndroidManifest.xml:10:9-35
32        android:appComponentFactory="androidx.core.app.CoreComponentFactory"
32-->[androidx.core:core:1.12.0] AndroidManifest.xml:28:18-86
33        android:dataExtractionRules="@xml/data_extraction_rules"
33-->src/main/AndroidManifest.xml:11:9-65
34        android:extractNativeLibs="false"
35        android:fullBackupContent="@xml/backup_rules"
35-->src/main/AndroidManifest.xml:12:9-54
36        android:icon="@drawable/ic_bird"
36-->src/main/AndroidManifest.xml:13:9-41
37        android:label="@string/app_name"
37-->src/main/AndroidManifest.xml:14:9-41
38        android:supportsRtl="true"
38-->src/main/AndroidManifest.xml:15:9-35
39        android:theme="@style/Theme.Burdii" >
39-->src/main/AndroidManifest.xml:16:9-44
40
41        <!-- SplashActivity - App Entry Point -->
42        <activity
42-->src/main/AndroidManifest.xml:20:9-28:20
43            android:name="com.app.burdii.SplashActivity"
43-->src/main/AndroidManifest.xml:21:13-43
44            android:exported="true"
44-->src/main/AndroidManifest.xml:22:13-36
45            android:theme="@style/Theme.Burdii.NoActionBar" >
45-->src/main/AndroidManifest.xml:23:13-60
46            <intent-filter>
46-->src/main/AndroidManifest.xml:24:13-27:29
47                <action android:name="android.intent.action.MAIN" />
47-->src/main/AndroidManifest.xml:25:17-69
47-->src/main/AndroidManifest.xml:25:25-66
48
49                <category android:name="android.intent.category.LAUNCHER" />
49-->src/main/AndroidManifest.xml:26:17-77
49-->src/main/AndroidManifest.xml:26:27-74
50            </intent-filter>
51        </activity>
52
53        <!-- HomeActivity - Main Dashboard -->
54        <activity
54-->src/main/AndroidManifest.xml:31:9-33:40
55            android:name="com.app.burdii.HomeActivity"
55-->src/main/AndroidManifest.xml:32:13-41
56            android:exported="false" />
56-->src/main/AndroidManifest.xml:33:13-37
57
58        <!-- SetupActivity - New Round Configuration -->
59        <activity
59-->src/main/AndroidManifest.xml:36:9-38:40
60            android:name="com.app.burdii.SetupActivity"
60-->src/main/AndroidManifest.xml:37:13-42
61            android:exported="false" />
61-->src/main/AndroidManifest.xml:38:13-37
62
63        <!-- ScorecardActivity - Main Score Tracking -->
64        <activity
64-->src/main/AndroidManifest.xml:41:9-44:58
65            android:name="com.app.burdii.ScorecardActivity"
65-->src/main/AndroidManifest.xml:42:13-46
66            android:exported="false"
66-->src/main/AndroidManifest.xml:43:13-37
67            android:windowSoftInputMode="adjustResize" />
67-->src/main/AndroidManifest.xml:44:13-55
68
69        <provider
69-->[androidx.emoji2:emoji2:1.2.0] AndroidManifest.xml:24:9-32:20
70            android:name="androidx.startup.InitializationProvider"
70-->[androidx.emoji2:emoji2:1.2.0] AndroidManifest.xml:25:13-67
71            android:authorities="com.app.burdii.androidx-startup"
71-->[androidx.emoji2:emoji2:1.2.0] AndroidManifest.xml:26:13-68
72            android:exported="false" >
72-->[androidx.emoji2:emoji2:1.2.0] AndroidManifest.xml:27:13-37
73            <meta-data
73-->[androidx.emoji2:emoji2:1.2.0] AndroidManifest.xml:29:13-31:52
74                android:name="androidx.emoji2.text.EmojiCompatInitializer"
74-->[androidx.emoji2:emoji2:1.2.0] AndroidManifest.xml:30:17-75
75                android:value="androidx.startup" />
75-->[androidx.emoji2:emoji2:1.2.0] AndroidManifest.xml:31:17-49
76            <meta-data
76-->[androidx.lifecycle:lifecycle-process:2.6.1] AndroidManifest.xml:29:13-31:52
77                android:name="androidx.lifecycle.ProcessLifecycleInitializer"
77-->[androidx.lifecycle:lifecycle-process:2.6.1] AndroidManifest.xml:30:17-78
78                android:value="androidx.startup" />
78-->[androidx.lifecycle:lifecycle-process:2.6.1] AndroidManifest.xml:31:17-49
79            <meta-data
79-->[androidx.profileinstaller:profileinstaller:1.3.0] AndroidManifest.xml:29:13-31:52
80                android:name="androidx.profileinstaller.ProfileInstallerInitializer"
80-->[androidx.profileinstaller:profileinstaller:1.3.0] AndroidManifest.xml:30:17-85
81                android:value="androidx.startup" />
81-->[androidx.profileinstaller:profileinstaller:1.3.0] AndroidManifest.xml:31:17-49
82        </provider>
83
84        <meta-data
84-->[com.android.billingclient:billing:6.0.1] AndroidManifest.xml:19:9-21:37
85            android:name="com.google.android.play.billingclient.version"
85-->[com.android.billingclient:billing:6.0.1] AndroidManifest.xml:20:13-73
86            android:value="6.0.1" />
86-->[com.android.billingclient:billing:6.0.1] AndroidManifest.xml:21:13-34
87
88        <activity
88-->[com.android.billingclient:billing:6.0.1] AndroidManifest.xml:23:9-27:75
89            android:name="com.android.billingclient.api.ProxyBillingActivity"
89-->[com.android.billingclient:billing:6.0.1] AndroidManifest.xml:24:13-78
90            android:configChanges="keyboard|keyboardHidden|screenLayout|screenSize|orientation"
90-->[com.android.billingclient:billing:6.0.1] AndroidManifest.xml:25:13-96
91            android:exported="false"
91-->[com.android.billingclient:billing:6.0.1] AndroidManifest.xml:26:13-37
92            android:theme="@android:style/Theme.Translucent.NoTitleBar" />
92-->[com.android.billingclient:billing:6.0.1] AndroidManifest.xml:27:13-72
93
94        <service
94-->[com.google.android.datatransport:transport-backend-cct:3.1.8] AndroidManifest.xml:28:9-34:19
95            android:name="com.google.android.datatransport.runtime.backends.TransportBackendDiscovery"
95-->[com.google.android.datatransport:transport-backend-cct:3.1.8] AndroidManifest.xml:29:13-103
96            android:exported="false" >
96-->[com.google.android.datatransport:transport-backend-cct:3.1.8] AndroidManifest.xml:30:13-37
97            <meta-data
97-->[com.google.android.datatransport:transport-backend-cct:3.1.8] AndroidManifest.xml:31:13-33:39
98                android:name="backend:com.google.android.datatransport.cct.CctBackendFactory"
98-->[com.google.android.datatransport:transport-backend-cct:3.1.8] AndroidManifest.xml:32:17-94
99                android:value="cct" />
99-->[com.google.android.datatransport:transport-backend-cct:3.1.8] AndroidManifest.xml:33:17-36
100        </service>
101        <service
101-->[com.google.android.datatransport:transport-runtime:3.1.8] AndroidManifest.xml:26:9-30:19
102            android:name="com.google.android.datatransport.runtime.scheduling.jobscheduling.JobInfoSchedulerService"
102-->[com.google.android.datatransport:transport-runtime:3.1.8] AndroidManifest.xml:27:13-117
103            android:exported="false"
103-->[com.google.android.datatransport:transport-runtime:3.1.8] AndroidManifest.xml:28:13-37
104            android:permission="android.permission.BIND_JOB_SERVICE" >
104-->[com.google.android.datatransport:transport-runtime:3.1.8] AndroidManifest.xml:29:13-69
105        </service>
106
107        <receiver
107-->[com.google.android.datatransport:transport-runtime:3.1.8] AndroidManifest.xml:32:9-34:40
108            android:name="com.google.android.datatransport.runtime.scheduling.jobscheduling.AlarmManagerSchedulerBroadcastReceiver"
108-->[com.google.android.datatransport:transport-runtime:3.1.8] AndroidManifest.xml:33:13-132
109            android:exported="false" />
109-->[com.google.android.datatransport:transport-runtime:3.1.8] AndroidManifest.xml:34:13-37
110        <receiver
110-->[androidx.profileinstaller:profileinstaller:1.3.0] AndroidManifest.xml:34:9-52:20
111            android:name="androidx.profileinstaller.ProfileInstallReceiver"
111-->[androidx.profileinstaller:profileinstaller:1.3.0] AndroidManifest.xml:35:13-76
112            android:directBootAware="false"
112-->[androidx.profileinstaller:profileinstaller:1.3.0] AndroidManifest.xml:36:13-44
113            android:enabled="true"
113-->[androidx.profileinstaller:profileinstaller:1.3.0] AndroidManifest.xml:37:13-35
114            android:exported="true"
114-->[androidx.profileinstaller:profileinstaller:1.3.0] AndroidManifest.xml:38:13-36
115            android:permission="android.permission.DUMP" >
115-->[androidx.profileinstaller:profileinstaller:1.3.0] AndroidManifest.xml:39:13-57
116            <intent-filter>
116-->[androidx.profileinstaller:profileinstaller:1.3.0] AndroidManifest.xml:40:13-42:29
117                <action android:name="androidx.profileinstaller.action.INSTALL_PROFILE" />
117-->[androidx.profileinstaller:profileinstaller:1.3.0] AndroidManifest.xml:41:17-91
117-->[androidx.profileinstaller:profileinstaller:1.3.0] AndroidManifest.xml:41:25-88
118            </intent-filter>
119            <intent-filter>
119-->[androidx.profileinstaller:profileinstaller:1.3.0] AndroidManifest.xml:43:13-45:29
120                <action android:name="androidx.profileinstaller.action.SKIP_FILE" />
120-->[androidx.profileinstaller:profileinstaller:1.3.0] AndroidManifest.xml:44:17-85
120-->[androidx.profileinstaller:profileinstaller:1.3.0] AndroidManifest.xml:44:25-82
121            </intent-filter>
122            <intent-filter>
122-->[androidx.profileinstaller:profileinstaller:1.3.0] AndroidManifest.xml:46:13-48:29
123                <action android:name="androidx.profileinstaller.action.SAVE_PROFILE" />
123-->[androidx.profileinstaller:profileinstaller:1.3.0] AndroidManifest.xml:47:17-88
123-->[androidx.profileinstaller:profileinstaller:1.3.0] AndroidManifest.xml:47:25-85
124            </intent-filter>
125            <intent-filter>
125-->[androidx.profileinstaller:profileinstaller:1.3.0] AndroidManifest.xml:49:13-51:29
126                <action android:name="androidx.profileinstaller.action.BENCHMARK_OPERATION" />
126-->[androidx.profileinstaller:profileinstaller:1.3.0] AndroidManifest.xml:50:17-95
126-->[androidx.profileinstaller:profileinstaller:1.3.0] AndroidManifest.xml:50:25-92
127            </intent-filter>
128        </receiver>
129    </application>
130
131</manifest>